TN:
SF:src/router.ts
FN:24,(anonymous_0)
FN:37,(anonymous_1)
FNF:2
FNH:2
FNDA:4,(anonymous_0)
FNDA:4,(anonymous_1)
DA:1,2
DA:2,2
DA:3,2
DA:4,2
DA:6,2
DA:9,2
DA:11,2
DA:17,2
DA:24,4
DA:29,2
DA:37,4
DA:44,2
DA:46,2
DA:52,2
DA:59,2
DA:65,2
LF:16
LH:16
BRF:0
BRH:0
end_of_record
TN:
SF:src/server.ts
FN:7,conectDB
FN:27,(anonymous_2)
FNF:2
FNH:2
FNDA:2,conectDB
FNDA:1,(anonymous_2)
DA:1,2
DA:2,2
DA:3,2
DA:4,2
DA:8,2
DA:9,2
DA:10,1
DA:13,0
DA:17,2
DA:20,2
DA:23,2
DA:25,2
DA:27,2
DA:28,1
DA:31,2
LF:15
LH:14
BRF:0
BRH:0
end_of_record
TN:
SF:src/Config/db.ts
FNF:0
FNH:0
DA:1,2
DA:2,2
DA:4,2
DA:6,2
DA:11,2
LF:5
LH:5
BRF:0
BRH:0
end_of_record
TN:
SF:src/handlers/product.ts
FN:4,(anonymous_1)
FN:15,(anonymous_2)
FN:28,(anonymous_3)
FN:34,(anonymous_4)
FN:55,(anonymous_5)
FN:78,(anonymous_6)
FN:95,(anonymous_7)
FNF:7
FNH:7
FNDA:2,(anonymous_1)
FNDA:2,(anonymous_2)
FNDA:1,(anonymous_3)
FNDA:2,(anonymous_4)
FNDA:1,(anonymous_5)
FNDA:2,(anonymous_6)
FNDA:1,(anonymous_7)
DA:2,2
DA:4,2
DA:5,2
DA:12,2
DA:15,2
DA:16,2
DA:17,2
DA:19,2
DA:20,1
DA:23,1
DA:25,1
DA:28,2
DA:29,1
DA:30,1
DA:34,2
DA:35,2
DA:36,2
DA:38,2
DA:39,1
DA:42,1
DA:48,1
DA:49,1
DA:52,1
DA:55,2
DA:56,1
DA:57,1
DA:59,1
DA:60,1
DA:63,1
DA:68,0
DA:70,0
DA:71,0
DA:78,2
DA:79,2
DA:80,2
DA:82,2
DA:83,1
DA:86,1
DA:89,1
DA:90,1
DA:95,2
DA:96,1
DA:97,1
DA:99,1
DA:100,1
DA:103,1
DA:108,0
DA:110,0
DA:111,0
LF:49
LH:43
BRDA:19,0,0,1
BRDA:38,1,0,1
BRDA:59,2,0,1
BRDA:82,3,0,1
BRDA:99,4,0,1
BRF:5
BRH:5
end_of_record
TN:
SF:src/middleware/index.ts
FN:4,(anonymous_0)
FNF:1
FNH:1
FNDA:16,(anonymous_0)
DA:2,2
DA:4,2
DA:6,16
DA:7,16
DA:8,7
DA:9,7
DA:12,9
LF:7
LH:7
BRDA:7,0,0,7
BRF:1
BRH:1
end_of_record
TN:
SF:src/models/Product.model.ts
FNF:0
FNH:0
DA:1,2
DA:7,2
DA:11,2
DA:16,2
DA:22,2
DA:28,2
DA:31,2
LF:7
LH:7
BRF:0
BRH:0
end_of_record
